# JRE version: OpenJDK Runtime Environment Temurin-21.0.6+7 (21.0.6+7) (build 21.0.6+7-LTS)
# Java VM: OpenJDK 64-Bit Server VM Temurin-21.0.6+7 (21.0.6+7-LTS, mixed mode, sharing, tiered, compressed oops, compressed class ptrs, g1 gc, windows-amd64)
GC Precious Log:
 CardTable entry size: 512
 Card Set container configuration: InlinePtr #cards 5 size 8 Array Of Cards #cards 12 size 40 Howl #buckets 4 coarsen threshold 1843 Howl Bitmap #cards 512 size 80 coarsen threshold 460 Card regions per heap region 1 cards per card region 2048
 CPUs: 4 total, 4 available
 Memory: 8102M
 Large Page Support: Disabled
 NUMA Support: Disabled
 Compressed Oops: Enabled (32-bit)
 Heap Region Size: 1M
 Heap Min Capacity: 8M
 Heap Initial Capacity: 128M
 Heap Max Capacity: 2026M
 Pre-touch: Disabled
 Parallel Workers: 4
 Concurrent Workers: 1
 Concurrent Refinement Workers: 4
 Periodic GC: Disabled
Heap:
 garbage-first heap   total 131072K, used 11207K [0x0000000081600000, 0x0000000100000000)
  region size 1024K, 1 young (1024K), 1 survivors (1024K)
 Metaspace       used 222K, committed 448K, reserved 1114112K
  class space    used 8K, committed 128K, reserved 1048576K
GC Heap History (11 events):
Event: 5.216 GC heap before
{Heap before GC invocations=0 (full 0):
 garbage-first heap   total 131072K, used 12288K [0x0000000081600000, 0x0000000100000000)
  region size 1024K, 13 young (13312K), 0 survivors (0K)
 Metaspace       used 222K, committed 448K, reserved 1114112K
  class space    used 8K, committed 128K, reserved 1048576K
}
Event: 5.218 GC heap after
{Heap after GC invocations=1 (full 0):
 garbage-first heap   total 131072K, used 1253K [0x0000000081600000, 0x0000000100000000)
  region size 1024K, 2 young (2048K), 2 survivors (2048K)
 Metaspace       used 222K, committed 448K, reserved 1114112K
  class space    used 8K, committed 128K, reserved 1048576K
}
Event: 5.250 GC heap before
{Heap before GC invocations=1 (full 0):
 garbage-first heap   total 131072K, used 28901K [0x0000000081600000, 0x0000000100000000)
  region size 1024K, 28 young (28672K), 2 survivors (2048K)
 Metaspace       used 222K, committed 448K, reserved 1114112K
  class space    used 8K, committed 128K, reserved 1048576K
}
Event: 5.252 GC heap after
{Heap after GC invocations=2 (full 0):
 garbage-first heap   total 131072K, used 2036K [0x0000000081600000, 0x0000000100000000)
  region size 1024K, 1 young (1024K), 1 survivors (1024K)
 Metaspace       used 222K, committed 448K, reserved 1114112K
  class space    used 8K, committed 128K, reserved 1048576K
}
Event: 5.313 GC heap before
{Heap before GC invocations=2 (full 0):
 garbage-first heap   total 131072K, used 83956K [0x0000000081600000, 0x0000000100000000)
  region size 1024K, 76 young (77824K), 1 survivors (1024K)
 Metaspace       used 222K, committed 448K, reserved 1114112K
  class space    used 8K, committed 128K, reserved 1048576K
}
Event: 5.314 GC heap after
{Heap after GC invocations=3 (full 0):
 garbage-first heap   total 131072K, used 4042K [0x0000000081600000, 0x0000000100000000)
  region size 1024K, 1 young (1024K), 1 survivors (1024K)
 Metaspace       used 222K, committed 448K, reserved 1114112K
  class space    used 8K, committed 128K, reserved 1048576K
}
Event: 5.361 GC heap before
{Heap before GC invocations=3 (full 0):
 garbage-first heap   total 131072K, used 85962K [0x0000000081600000, 0x0000000100000000)
  region size 1024K, 76 young (77824K), 1 survivors (1024K)
 Metaspace       used 222K, committed 448K, reserved 1114112K
  class space    used 8K, committed 128K, reserved 1048576K
}
Event: 5.362 GC heap after
{Heap after GC invocations=4 (full 0):
 garbage-first heap   total 131072K, used 6084K [0x0000000081600000, 0x0000000100000000)
  region size 1024K, 1 young (1024K), 1 survivors (1024K)
 Metaspace       used 222K, committed 448K, reserved 1114112K
  class space    used 8K, committed 128K, reserved 1048576K
}
Event: 5.418 GC heap before
{Heap before GC invocations=4 (full 0):
 garbage-first heap   total 131072K, used 93124K [0x0000000081600000, 0x0000000100000000)
  region size 1024K, 76 young (77824K), 1 survivors (1024K)
 Metaspace       used 222K, committed 448K, reserved 1114112K
  class space    used 8K, committed 128K, reserved 1048576K
}
Event: 5.419 GC heap after
{Heap after GC invocations=5 (full 0):
 garbage-first heap   total 131072K, used 11213K [0x0000000081600000, 0x0000000100000000)
  region size 1024K, 1 young (1024K), 1 survivors (1024K)
 Metaspace       used 222K, committed 448K, reserved 1114112K
  class space    used 8K, committed 128K, reserved 1048576K
}
Event: 5.456 GC heap before
{Heap before GC invocations=5 (full 0):
 garbage-first heap   total 131072K, used 88013K [0x0000000081600000, 0x0000000100000000)
  region size 1024K, 76 young (77824K), 1 survivors (1024K)
 Metaspace       used 222K, committed 448K, reserved 1114112K
  class space    used 8K, committed 128K, reserved 1048576K
}

